[2022-02-13T12:27:07.373] [INFO] default - 三国请回答！崩坏的三国演义  (master/1028755947) 
================================
[2022-02-13T12:27:07.375] [INFO] default - 抓取最新 3 章
[2022-02-13T12:27:09.196] [INFO] default - [255] 第二百四十三章：刘诞：我裂开了 写入成功！
[2022-02-13T12:27:10.667] [INFO] default - [256] 第二百四十四章：袁绍：其实我也挺心动的 写入成功！
[2022-02-13T12:27:12.146] [INFO] default - [257] 第二百四十五章：蒸汽机的用处 写入成功！
[2022-02-13T12:27:16.663] [INFO] default - 这个人仙太过正经  (master/1021635590) 
================================
[2022-02-13T12:27:16.664] [INFO] default - 抓取最新 3 章
[2022-02-13T12:27:18.368] [INFO] default - [579] 第五百四十一章 大结局·冲出黑洞！ 写入成功！
[2022-02-13T12:27:20.066] [INFO] default - [581] 第五百四十二章 大结局·后来 写入成功！
[2022-02-13T12:27:21.632] [INFO] default - [580] 一份正经的完本感言 写入成功！
[2022-02-13T12:27:26.349] [INFO] default - 我的治愈系游戏  (master/1025901449) 
================================
[2022-02-13T12:27:26.349] [INFO] default - 抓取最新 3 章
[2022-02-13T12:27:28.038] [INFO] default - [630] 第617章 节目做没了 写入成功！
[2022-02-13T12:27:29.767] [INFO] default - [631] 第618章 最美味的食物 写入成功！
[2022-02-13T12:27:31.430] [INFO] default - [632] 第619章 窗户里的怪物 写入成功！
[2022-02-13T12:27:37.356] [INFO] default - 洪荒历  (master/1011940368) 
================================
[2022-02-13T12:27:37.358] [INFO] default - 抓取最新 3 章
[2022-02-13T12:27:38.892] [INFO] default - [1337] 第二十三章：兵分两……不，诱饵？ 写入成功！
[2022-02-13T12:27:40.456] [INFO] default - [1338] 第二十四章：力大对入微 写入成功！
[2022-02-13T12:27:41.958] [INFO] default - [1339] 第二十五章：古的战斗天赋 写入成功！
[2022-02-13T12:27:48.138] [INFO] default - 我只想安静的做个苟道中人  (master/1026694115) 
================================
[2022-02-13T12:27:48.139] [INFO] default - 抓取最新 3 章
[2022-02-13T12:27:49.665] [INFO] default - [1297] 第二百一十五章：堕化。 （第二更！求订阅！） 写入成功！
[2022-02-13T12:27:51.155] [INFO] default - [1298] 第二百一十六章：未有之“果”。（第一更！求订阅！） 写入成功！
[2022-02-13T12:27:52.801] [INFO] default - [1299] 第二百一十七章：这个仙人太无知。（第二更！求订阅！） 写入成功！
[2022-02-13T12:27:58.897] [INFO] default - 舌尖上的霍格沃茨  (master/1013293257) 
================================
[2022-02-13T12:27:58.898] [INFO] default - 抓取最新 3 章
[2022-02-13T12:28:00.400] [INFO] default - [1526] 第1223章 新王（下） 写入成功！
[2022-02-13T12:28:01.905] [INFO] default - [1527] 最近写得不好，请假整理一下情节 写入成功！
[2022-02-13T12:28:03.423] [INFO] default - [1528] 第1224章 失踪 写入成功！
[2022-02-13T12:28:07.724] [INFO] default - 五百个郭靖  (master/1030653673) 
================================
[2022-02-13T12:28:07.724] [INFO] default - 抓取最新 3 章
[2022-02-13T12:28:09.154] [INFO] default - [432] 第427章 乌鸦和元宝 下 写入成功！
[2022-02-13T12:28:10.646] [INFO] default - [433] 第428章 李原想要学习 写入成功！
[2022-02-13T12:28:12.144] [INFO] default - [434] 第429章 李原的养成 写入成功！
[2022-02-13T12:28:17.458] [INFO] default - 十方武圣  (master/1024088056) 
================================
[2022-02-13T12:28:17.459] [INFO] default - 抓取最新 3 章
[2022-02-13T12:28:19.057] [INFO] default - [886] 903 最终 上（谢上仙齐天的白银盟） 写入成功！
[2022-02-13T12:28:20.704] [INFO] default - [887] 904 最终 下（谢上仙齐天的白银盟） 写入成功！
[2022-02-13T12:28:22.278] [INFO] default - [888] 后记 写入成功！
