[2022-05-15T23:56:05.993] [INFO] error - 1011094405 写入失败！
 Error: ENOENT: no such file or directory, open '/home/runner/work/qidian-chapterReview/qidian-chapterReview/docs/category/1011094405.md'
[2022-05-15T23:56:06.234] [INFO] error - 1011940368 写入失败！
 Error: ENOENT: no such file or directory, open '/home/runner/work/qidian-chapterReview/qidian-chapterReview/docs/category/1011940368.md'
[2022-06-25T23:39:36.560] [ERROR] error - ---bookid: 1027669580TypeError: Cannot read property '1' of null
[2022-06-25T23:50:07.241] [ERROR] error - ---bookid: /home/runner/work/qidian-chapterReview/qidian-chapterReview/output/1016150754TypeError: Cannot read property '1' of null
[2022-06-25T23:50:09.384] [ERROR] error - ---bookid: /home/runner/work/qidian-chapterReview/qidian-chapterReview/output/1027669580TypeError: Cannot read property '1' of null
[2022-06-26T09:26:54.518] [ERROR] error - ---bookid: /home/runner/work/qidian-chapterReview/qidian-chapterReview/output/1016150754TypeError: Cannot read property '1' of null
[2022-06-26T09:26:56.515] [ERROR] error - ---bookid: /home/runner/work/qidian-chapterReview/qidian-chapterReview/output/1027669580TypeError: Cannot read property '1' of null
[2022-06-26T10:01:49.090] [ERROR] error - ---bookid: /home/runner/work/qidian-chapterReview/qidian-chapterReview/output/1016150754TypeError: Cannot read property '1' of null
[2022-06-26T10:01:51.150] [ERROR] error - ---bookid: /home/runner/work/qidian-chapterReview/qidian-chapterReview/output/1027669580TypeError: Cannot read property '1' of null
[2022-06-26T11:52:56.396] [ERROR] error - ---bookid: /home/runner/work/qidian-chapterReview/qidian-chapterReview/output/1016150754TypeError: Cannot read property '1' of null
[2022-06-26T11:52:58.468] [ERROR] error - ---bookid: /home/runner/work/qidian-chapterReview/qidian-chapterReview/output/1027669580TypeError: Cannot read property '1' of null
[2022-06-26T20:30:33.642] [ERROR] error - ---bookid: /home/runner/work/qidian-chapterReview/qidian-chapterReview/output/1016150754TypeError: Cannot read property '1' of null
[2022-06-26T20:30:36.495] [ERROR] error - ---bookid: /home/runner/work/qidian-chapterReview/qidian-chapterReview/output/1027669580TypeError: Cannot read property '1' of null
[2022-06-26T20:43:46.887] [ERROR] error - ---bookid: /home/runner/work/qidian-chapterReview/qidian-chapterReview/output/1016150754TypeError: Cannot read property '1' of null
[2022-06-26T20:43:48.729] [ERROR] error - ---bookid: /home/runner/work/qidian-chapterReview/qidian-chapterReview/output/1027669580TypeError: Cannot read property '1' of null
[2022-06-26T20:52:02.563] [ERROR] error - ---bookid: /home/runner/work/qidian-chapterReview/qidian-chapterReview/output/1016150754TypeError: Cannot read property '1' of null
[2022-06-26T20:52:04.892] [ERROR] error - ---bookid: /home/runner/work/qidian-chapterReview/qidian-chapterReview/output/1027669580TypeError: Cannot read property '1' of null
[2022-06-26T20:57:37.084] [ERROR] error - ---bookid: /home/runner/work/qidian-chapterReview/qidian-chapterReview/output/1016150754TypeError: Cannot read property '1' of null
[2022-06-26T20:57:39.118] [ERROR] error - ---bookid: /home/runner/work/qidian-chapterReview/qidian-chapterReview/output/1027669580TypeError: Cannot read property '1' of null
[2022-08-14T10:13:50.651] [ERROR] error - ---bookid: /home/runner/work/qidian-chapterReview/qidian-chapterReview/output/1016150754TypeError: Cannot read property '1' of null
[2022-08-14T10:13:53.558] [ERROR] error - ---bookid: /home/runner/work/qidian-chapterReview/qidian-chapterReview/output/1027669580TypeError: Cannot read property '1' of null
[2022-09-01T22:26:17.226] [ERROR] error - ---bookid: /home/runner/work/qidian-chapterReview/qidian-chapterReview/output/1016150754TypeError: Cannot read property '1' of null
[2022-09-01T22:26:19.038] [ERROR] error - ---bookid: /home/runner/work/qidian-chapterReview/qidian-chapterReview/output/1027669580TypeError: Cannot read property '1' of null
[2022-09-01T22:26:19.670] [INFO] error - [612] 第274节：藤冬郎的药丸 写入失败！
 Error: ENOENT: no such file or directory, open '/home/runner/work/qidian-chapterReview/qidian-chapterReview/output/1013607299/[612] 第274节：藤冬郎的药丸.md'
[2022-09-01T22:29:59.476] [ERROR] error - ---bookid: /home/runner/work/qidian-chapterReview/qidian-chapterReview/output/1016150754TypeError: Cannot read property '1' of null
[2022-09-01T22:30:01.108] [ERROR] error - ---bookid: /home/runner/work/qidian-chapterReview/qidian-chapterReview/output/1027669580TypeError: Cannot read property '1' of null
[2022-09-01T22:30:01.656] [INFO] error - [612] 第274节：藤冬郎的药丸 写入失败！
 Error: ENOENT: no such file or directory, open '/home/runner/work/qidian-chapterReview/qidian-chapterReview/output/1013607299/[612] 第274节：藤冬郎的药丸.md'
[2022-09-11T11:03:58.007] [INFO] error - [621] 第282节：巨大优势 写入失败！
 Error: ENOENT: no such file or directory, open '/home/runner/work/qidian-chapterReview/qidian-chapterReview/output/1013607299/[621] 第282节：巨大优势.md'
[2022-09-11T11:04:04.036] [ERROR] error - ---bookid: /home/runner/work/qidian-chapterReview/qidian-chapterReview/output/1016150754TypeError: Cannot read property '1' of null
[2022-09-11T11:04:05.868] [ERROR] error - ---bookid: /home/runner/work/qidian-chapterReview/qidian-chapterReview/output/1027669580TypeError: Cannot read property '1' of null
[2022-09-11T11:04:06.492] [INFO] error - [1900] 第七十一章：人王召见。（中秋快乐！阖家幸福！求订阅！！！） 写入失败！
 Error: ENOENT: no such file or directory, open '/home/runner/work/qidian-chapterReview/qidian-chapterReview/output/1026694115/[1900] 第七十一章：人王召见。（中秋快乐！阖家幸福！求订阅！！！）.md'
[2022-09-11T11:09:35.689] [INFO] error - [1900] 第七十一章：人王召见。（中秋快乐！阖家幸福！求订阅！！！） 写入失败！
 Error: ENOENT: no such file or directory, open '/home/runner/work/qidian-chapterReview/qidian-chapterReview/output/1026694115/[1900] 第七十一章：人王召见。（中秋快乐！阖家幸福！求订阅！！！）.md'
[2022-09-11T11:09:37.588] [INFO] error - [621] 第282节：巨大优势 写入失败！
 Error: ENOENT: no such file or directory, open '/home/runner/work/qidian-chapterReview/qidian-chapterReview/output/1013607299/[621] 第282节：巨大优势.md'
[2022-09-11T11:09:42.990] [ERROR] error - ---bookid: /home/runner/work/qidian-chapterReview/qidian-chapterReview/output/1016150754TypeError: Cannot read property '1' of null
[2022-09-11T11:09:44.909] [ERROR] error - ---bookid: /home/runner/work/qidian-chapterReview/qidian-chapterReview/output/1027669580TypeError: Cannot read property '1' of null
[2022-09-11T11:16:51.445] [INFO] error - [1898] 第六十九章：似仙非仙。（四合一大章！求订阅！！！） 写入失败！
 Error: ENOENT: no such file or directory, open '/home/runner/work/qidian-chapterReview/qidian-chapterReview/output/1026694115/[1898] 第六十九章：似仙非仙。（四合一大章！求订阅！！！）.md'
[2022-09-11T11:16:56.387] [INFO] error - [619] 第278节：近身激战 写入失败！
 Error: ENOENT: no such file or directory, open '/home/runner/work/qidian-chapterReview/qidian-chapterReview/output/1013607299/[619] 第278节：近身激战.md'
[2022-09-11T11:17:07.175] [ERROR] error - ---bookid: /home/runner/work/qidian-chapterReview/qidian-chapterReview/output/1016150754TypeError: Cannot read property '1' of null
[2022-09-11T11:17:09.995] [ERROR] error - ---bookid: /home/runner/work/qidian-chapterReview/qidian-chapterReview/output/1027669580TypeError: Cannot read property '1' of null
[2022-09-11T12:41:20.710] [INFO] error - Request https://vipreader.qidian.com/ajax/chapterReview/reviewList?bookId=1026694115&page=1&type=2&chapterId=728139666&_csrfToken=ZRKZhNtarwxtcoUSJfeLQeeCePSIznstPgivkTHL&pageSize=2&segmentId=73 fail, retry attempt #1: RequestError: read ECONNRESET
[2022-09-11T12:41:41.007] [ERROR] error - ---bookid: /home/runner/work/qidian-chapterReview/qidian-chapterReview/output/1016150754TypeError: Cannot read property '1' of null
[2022-09-11T12:41:43.662] [ERROR] error - ---bookid: /home/runner/work/qidian-chapterReview/qidian-chapterReview/output/1027669580TypeError: Cannot read property '1' of null
[2022-11-12T12:51:13.639] [ERROR] error - ---bookid: /home/runner/work/qidian-chapterReview/qidian-chapterReview/output/1016150754TypeError: Cannot read property '1' of null
[2022-11-12T12:51:16.290] [ERROR] error - ---bookid: /home/runner/work/qidian-chapterReview/qidian-chapterReview/output/1027669580TypeError: Cannot read property '1' of null
[2022-11-13T11:48:35.713] [ERROR] error - ---bookid: /home/runner/work/qidian-chapterReview/qidian-chapterReview/output/1016150754TypeError: Cannot read property '1' of null
[2022-11-13T11:48:38.184] [ERROR] error - ---bookid: /home/runner/work/qidian-chapterReview/qidian-chapterReview/output/1027669580TypeError: Cannot read property '1' of null
[2022-11-13T12:00:13.598] [ERROR] error - ---bookid: /home/runner/work/qidian-chapterReview/qidian-chapterReview/output/1016150754TypeError: Cannot read property '1' of null
[2022-11-13T12:00:16.242] [ERROR] error - ---bookid: /home/runner/work/qidian-chapterReview/qidian-chapterReview/output/1027669580TypeError: Cannot read property '1' of null
[2023-03-11T18:15:17.376] [INFO] error - TypeError: Cannot destructure property 'list' of 'response.data.data' as it is undefined. 
 ---bookId: 1027630529 chapterName: [1568] 第一千五百四十七章 汉密尔顿与女演员
---response: <script>
    var seqid = "186D02AE41F1661A505C765448BBAEE830C548FEBDA"
</script>
<script src="https://ssl.captcha.qq.com/TCaptcha.js"></script>
<script>
    var captcha = new TencentCaptcha('2000490482', function(res){
        var captchaResult = []
        captchaResult.push(res.ret)

        if(res.ret === 0){
            captchaResult.push(res.ticket)
            captchaResult.push(res.randstr)
            captchaResult.push(seqid)
        }

        var content = captchaResult.join('\n')
        loadXMLDoc("/WafCaptcha", content)
    })

    function loadXMLDoc(servPath, content) {
        var xmlhttp = null;
        if (window.XMLHttpRequest) {
            xmlhttp = new XMLHttpRequest();
        }
        else if (window.ActiveXObject) {
            xmlhttp = new ActiveXObject("Microsoft.XMLHTTP");
        }

        if (xmlhttp != null) {
            xmlhttp.open("POST", servPath, true);
            xmlhttp.send(content);
            xmlhttp.onreadystatechange = function() {
                if (xmlhttp.readyState == 4) {
                    if (xmlhttp.status == 200) {
                        window.location.reload(true)
                    }
                }
            }
        }
    }

    captcha.show()

</script>


---chapterReviewUrl: https://vipreader.qidian.com/ajax/chapterReview/reviewList
[2023-03-11T18:15:18.100] [INFO] error - TypeError: Cannot destructure property 'list' of 'response.data.data' as it is undefined. 
 ---bookId: 1027630529 chapterName: [1569] 第一千五百四十八章 镜子与怪物
---response: <script>
    var seqid = "186D02AE41F1661A505C765448BBAEE830C548FEBDA"
</script>
<script src="https://ssl.captcha.qq.com/TCaptcha.js"></script>
<script>
    var captcha = new TencentCaptcha('2000490482', function(res){
        var captchaResult = []
        captchaResult.push(res.ret)

        if(res.ret === 0){
            captchaResult.push(res.ticket)
            captchaResult.push(res.randstr)
            captchaResult.push(seqid)
        }

        var content = captchaResult.join('\n')
        loadXMLDoc("/WafCaptcha", content)
    })

    function loadXMLDoc(servPath, content) {
        var xmlhttp = null;
        if (window.XMLHttpRequest) {
            xmlhttp = new XMLHttpRequest();
        }
        else if (window.ActiveXObject) {
            xmlhttp = new ActiveXObject("Microsoft.XMLHTTP");
        }

        if (xmlhttp != null) {
            xmlhttp.open("POST", servPath, true);
            xmlhttp.send(content);
            xmlhttp.onreadystatechange = function() {
                if (xmlhttp.readyState == 4) {
                    if (xmlhttp.status == 200) {
                        window.location.reload(true)
                    }
                }
            }
        }
    }

    captcha.show()

</script>


---chapterReviewUrl: https://vipreader.qidian.com/ajax/chapterReview/reviewList
[2023-03-11T18:15:18.107] [INFO] error - TypeError: Cannot destructure property 'list' of 'response.data.data' as it is undefined. 
 ---bookId: 1027630529 chapterName: [1569] 第一千五百四十八章 镜子与怪物
---response: <script>
    var seqid = "186D02AE41F1661A505C765448BBAEE830C548FEBDA"
</script>
<script src="https://ssl.captcha.qq.com/TCaptcha.js"></script>
<script>
    var captcha = new TencentCaptcha('2000490482', function(res){
        var captchaResult = []
        captchaResult.push(res.ret)

        if(res.ret === 0){
            captchaResult.push(res.ticket)
            captchaResult.push(res.randstr)
            captchaResult.push(seqid)
        }

        var content = captchaResult.join('\n')
        loadXMLDoc("/WafCaptcha", content)
    })

    function loadXMLDoc(servPath, content) {
        var xmlhttp = null;
        if (window.XMLHttpRequest) {
            xmlhttp = new XMLHttpRequest();
        }
        else if (window.ActiveXObject) {
            xmlhttp = new ActiveXObject("Microsoft.XMLHTTP");
        }

        if (xmlhttp != null) {
            xmlhttp.open("POST", servPath, true);
            xmlhttp.send(content);
            xmlhttp.onreadystatechange = function() {
                if (xmlhttp.readyState == 4) {
                    if (xmlhttp.status == 200) {
                        window.location.reload(true)
                    }
                }
            }
        }
    }

    captcha.show()

</script>


---chapterReviewUrl: https://vipreader.qidian.com/ajax/chapterReview/reviewList
[2023-03-11T18:15:18.121] [INFO] error - TypeError: Cannot destructure property 'list' of 'response.data.data' as it is undefined. 
 ---bookId: 1027630529 chapterName: [1569] 第一千五百四十八章 镜子与怪物
---response: <script>
    var seqid = "186D02AE41F1661A505C765448BBAEE830C548FEBDA"
</script>
<script src="https://ssl.captcha.qq.com/TCaptcha.js"></script>
<script>
    var captcha = new TencentCaptcha('2000490482', function(res){
        var captchaResult = []
        captchaResult.push(res.ret)

        if(res.ret === 0){
            captchaResult.push(res.ticket)
            captchaResult.push(res.randstr)
            captchaResult.push(seqid)
        }

        var content = captchaResult.join('\n')
        loadXMLDoc("/WafCaptcha", content)
    })

    function loadXMLDoc(servPath, content) {
        var xmlhttp = null;
        if (window.XMLHttpRequest) {
            xmlhttp = new XMLHttpRequest();
        }
        else if (window.ActiveXObject) {
            xmlhttp = new ActiveXObject("Microsoft.XMLHTTP");
        }

        if (xmlhttp != null) {
            xmlhttp.open("POST", servPath, true);
            xmlhttp.send(content);
            xmlhttp.onreadystatechange = function() {
                if (xmlhttp.readyState == 4) {
                    if (xmlhttp.status == 200) {
                        window.location.reload(true)
                    }
                }
            }
        }
    }

    captcha.show()

</script>


---chapterReviewUrl: https://vipreader.qidian.com/ajax/chapterReview/reviewList
[2023-03-11T18:15:18.130] [INFO] error - TypeError: Cannot destructure property 'list' of 'response.data.data' as it is undefined. 
 ---bookId: 1027630529 chapterName: [1569] 第一千五百四十八章 镜子与怪物
---response: <script>
    var seqid = "186D02AE41F1661A505C765448BBAEE830C548FEBDA"
</script>
<script src="https://ssl.captcha.qq.com/TCaptcha.js"></script>
<script>
    var captcha = new TencentCaptcha('2000490482', function(res){
        var captchaResult = []
        captchaResult.push(res.ret)

        if(res.ret === 0){
            captchaResult.push(res.ticket)
            captchaResult.push(res.randstr)
            captchaResult.push(seqid)
        }

        var content = captchaResult.join('\n')
        loadXMLDoc("/WafCaptcha", content)
    })

    function loadXMLDoc(servPath, content) {
        var xmlhttp = null;
        if (window.XMLHttpRequest) {
            xmlhttp = new XMLHttpRequest();
        }
        else if (window.ActiveXObject) {
            xmlhttp = new ActiveXObject("Microsoft.XMLHTTP");
        }

        if (xmlhttp != null) {
            xmlhttp.open("POST", servPath, true);
            xmlhttp.send(content);
            xmlhttp.onreadystatechange = function() {
                if (xmlhttp.readyState == 4) {
                    if (xmlhttp.status == 200) {
                        window.location.reload(true)
                    }
                }
            }
        }
    }

    captcha.show()

</script>


---chapterReviewUrl: https://vipreader.qidian.com/ajax/chapterReview/reviewList
[2023-03-11T18:15:18.135] [INFO] error - TypeError: Cannot destructure property 'list' of 'response.data.data' as it is undefined. 
 ---bookId: 1027630529 chapterName: [1569] 第一千五百四十八章 镜子与怪物
---response: <script>
    var seqid = "186D02AE41F1661A505C765448BBAEE830C548FEBDA"
</script>
<script src="https://ssl.captcha.qq.com/TCaptcha.js"></script>
<script>
    var captcha = new TencentCaptcha('2000490482', function(res){
        var captchaResult = []
        captchaResult.push(res.ret)

        if(res.ret === 0){
            captchaResult.push(res.ticket)
            captchaResult.push(res.randstr)
            captchaResult.push(seqid)
        }

        var content = captchaResult.join('\n')
        loadXMLDoc("/WafCaptcha", content)
    })

    function loadXMLDoc(servPath, content) {
        var xmlhttp = null;
        if (window.XMLHttpRequest) {
            xmlhttp = new XMLHttpRequest();
        }
        else if (window.ActiveXObject) {
            xmlhttp = new ActiveXObject("Microsoft.XMLHTTP");
        }

        if (xmlhttp != null) {
            xmlhttp.open("POST", servPath, true);
            xmlhttp.send(content);
            xmlhttp.onreadystatechange = function() {
                if (xmlhttp.readyState == 4) {
                    if (xmlhttp.status == 200) {
                        window.location.reload(true)
                    }
                }
            }
        }
    }

    captcha.show()

</script>


---chapterReviewUrl: https://vipreader.qidian.com/ajax/chapterReview/reviewList
[2023-03-11T18:15:18.136] [INFO] error - TypeError: Cannot destructure property 'list' of 'response.data.data' as it is undefined. 
 ---bookId: 1027630529 chapterName: [1569] 第一千五百四十八章 镜子与怪物
---response: <script>
    var seqid = "186D02AE41F1661A505C765448BBAEE830C548FEBDA"
</script>
<script src="https://ssl.captcha.qq.com/TCaptcha.js"></script>
<script>
    var captcha = new TencentCaptcha('2000490482', function(res){
        var captchaResult = []
        captchaResult.push(res.ret)

        if(res.ret === 0){
            captchaResult.push(res.ticket)
            captchaResult.push(res.randstr)
            captchaResult.push(seqid)
        }

        var content = captchaResult.join('\n')
        loadXMLDoc("/WafCaptcha", content)
    })

    function loadXMLDoc(servPath, content) {
        var xmlhttp = null;
        if (window.XMLHttpRequest) {
            xmlhttp = new XMLHttpRequest();
        }
        else if (window.ActiveXObject) {
            xmlhttp = new ActiveXObject("Microsoft.XMLHTTP");
        }

        if (xmlhttp != null) {
            xmlhttp.open("POST", servPath, true);
            xmlhttp.send(content);
            xmlhttp.onreadystatechange = function() {
                if (xmlhttp.readyState == 4) {
                    if (xmlhttp.status == 200) {
                        window.location.reload(true)
                    }
                }
            }
        }
    }

    captcha.show()

</script>


---chapterReviewUrl: https://vipreader.qidian.com/ajax/chapterReview/reviewList
[2023-03-11T18:15:18.146] [INFO] error - TypeError: Cannot destructure property 'list' of 'response.data.data' as it is undefined. 
 ---bookId: 1027630529 chapterName: [1569] 第一千五百四十八章 镜子与怪物
---response: <script>
    var seqid = "186D02AE41F1661A505C765448BBAEE830C548FEBDA"
</script>
<script src="https://ssl.captcha.qq.com/TCaptcha.js"></script>
<script>
    var captcha = new TencentCaptcha('2000490482', function(res){
        var captchaResult = []
        captchaResult.push(res.ret)

        if(res.ret === 0){
            captchaResult.push(res.ticket)
            captchaResult.push(res.randstr)
            captchaResult.push(seqid)
        }

        var content = captchaResult.join('\n')
        loadXMLDoc("/WafCaptcha", content)
    })

    function loadXMLDoc(servPath, content) {
        var xmlhttp = null;
        if (window.XMLHttpRequest) {
            xmlhttp = new XMLHttpRequest();
        }
        else if (window.ActiveXObject) {
            xmlhttp = new ActiveXObject("Microsoft.XMLHTTP");
        }

        if (xmlhttp != null) {
            xmlhttp.open("POST", servPath, true);
            xmlhttp.send(content);
            xmlhttp.onreadystatechange = function() {
                if (xmlhttp.readyState == 4) {
                    if (xmlhttp.status == 200) {
                        window.location.reload(true)
                    }
                }
            }
        }
    }

    captcha.show()

</script>


---chapterReviewUrl: https://vipreader.qidian.com/ajax/chapterReview/reviewList
[2023-03-11T18:15:18.579] [INFO] error - TypeError: Cannot destructure property 'list' of 'response.data.data' as it is undefined. 
 ---bookId: 1027630529 chapterName: [1569] 第一千五百四十八章 镜子与怪物
---response: <script>
    var seqid = "186D02AE41F1661A505C765448BBAEE830C548FEBDA"
</script>
<script src="https://ssl.captcha.qq.com/TCaptcha.js"></script>
<script>
    var captcha = new TencentCaptcha('2000490482', function(res){
        var captchaResult = []
        captchaResult.push(res.ret)

        if(res.ret === 0){
            captchaResult.push(res.ticket)
            captchaResult.push(res.randstr)
            captchaResult.push(seqid)
        }

        var content = captchaResult.join('\n')
        loadXMLDoc("/WafCaptcha", content)
    })

    function loadXMLDoc(servPath, content) {
        var xmlhttp = null;
        if (window.XMLHttpRequest) {
            xmlhttp = new XMLHttpRequest();
        }
        else if (window.ActiveXObject) {
            xmlhttp = new ActiveXObject("Microsoft.XMLHTTP");
        }

        if (xmlhttp != null) {
            xmlhttp.open("POST", servPath, true);
            xmlhttp.send(content);
            xmlhttp.onreadystatechange = function() {
                if (xmlhttp.readyState == 4) {
                    if (xmlhttp.status == 200) {
                        window.location.reload(true)
                    }
                }
            }
        }
    }

    captcha.show()

</script>


---chapterReviewUrl: https://vipreader.qidian.com/ajax/chapterReview/reviewList
[2023-03-11T18:15:19.191] [INFO] error - TypeError: Cannot destructure property 'list' of 'response.data.data' as it is undefined. 
 ---bookId: 1027630529 chapterName: [1570] 第一千五百四十九章 【勇敢者之镜】与山铜
---response: <script>
    var seqid = "186D02AE41F1661A505C765448BBAEE830C548FEBDA"
</script>
<script src="https://ssl.captcha.qq.com/TCaptcha.js"></script>
<script>
    var captcha = new TencentCaptcha('2000490482', function(res){
        var captchaResult = []
        captchaResult.push(res.ret)

        if(res.ret === 0){
            captchaResult.push(res.ticket)
            captchaResult.push(res.randstr)
            captchaResult.push(seqid)
        }

        var content = captchaResult.join('\n')
        loadXMLDoc("/WafCaptcha", content)
    })

    function loadXMLDoc(servPath, content) {
        var xmlhttp = null;
        if (window.XMLHttpRequest) {
            xmlhttp = new XMLHttpRequest();
        }
        else if (window.ActiveXObject) {
            xmlhttp = new ActiveXObject("Microsoft.XMLHTTP");
        }

        if (xmlhttp != null) {
            xmlhttp.open("POST", servPath, true);
            xmlhttp.send(content);
            xmlhttp.onreadystatechange = function() {
                if (xmlhttp.readyState == 4) {
                    if (xmlhttp.status == 200) {
                        window.location.reload(true)
                    }
                }
            }
        }
    }

    captcha.show()

</script>


---chapterReviewUrl: https://vipreader.qidian.com/ajax/chapterReview/reviewList
[2023-03-11T18:15:19.208] [INFO] error - TypeError: Cannot destructure property 'list' of 'response.data.data' as it is undefined. 
 ---bookId: 1027630529 chapterName: [1570] 第一千五百四十九章 【勇敢者之镜】与山铜
---response: <script>
    var seqid = "186D02AE41F1661A505C765448BBAEE830C548FEBDA"
</script>
<script src="https://ssl.captcha.qq.com/TCaptcha.js"></script>
<script>
    var captcha = new TencentCaptcha('2000490482', function(res){
        var captchaResult = []
        captchaResult.push(res.ret)

        if(res.ret === 0){
            captchaResult.push(res.ticket)
            captchaResult.push(res.randstr)
            captchaResult.push(seqid)
        }

        var content = captchaResult.join('\n')
        loadXMLDoc("/WafCaptcha", content)
    })

    function loadXMLDoc(servPath, content) {
        var xmlhttp = null;
        if (window.XMLHttpRequest) {
            xmlhttp = new XMLHttpRequest();
        }
        else if (window.ActiveXObject) {
            xmlhttp = new ActiveXObject("Microsoft.XMLHTTP");
        }

        if (xmlhttp != null) {
            xmlhttp.open("POST", servPath, true);
            xmlhttp.send(content);
            xmlhttp.onreadystatechange = function() {
                if (xmlhttp.readyState == 4) {
                    if (xmlhttp.status == 200) {
                        window.location.reload(true)
                    }
                }
            }
        }
    }

    captcha.show()

</script>


---chapterReviewUrl: https://vipreader.qidian.com/ajax/chapterReview/reviewList
[2023-03-11T18:15:19.211] [INFO] error - TypeError: Cannot destructure property 'list' of 'response.data.data' as it is undefined. 
 ---bookId: 1027630529 chapterName: [1570] 第一千五百四十九章 【勇敢者之镜】与山铜
---response: <script>
    var seqid = "186D02AE41F1661A505C765448BBAEE830C548FEBDA"
</script>
<script src="https://ssl.captcha.qq.com/TCaptcha.js"></script>
<script>
    var captcha = new TencentCaptcha('2000490482', function(res){
        var captchaResult = []
        captchaResult.push(res.ret)

        if(res.ret === 0){
            captchaResult.push(res.ticket)
            captchaResult.push(res.randstr)
            captchaResult.push(seqid)
        }

        var content = captchaResult.join('\n')
        loadXMLDoc("/WafCaptcha", content)
    })

    function loadXMLDoc(servPath, content) {
        var xmlhttp = null;
        if (window.XMLHttpRequest) {
            xmlhttp = new XMLHttpRequest();
        }
        else if (window.ActiveXObject) {
            xmlhttp = new ActiveXObject("Microsoft.XMLHTTP");
        }

        if (xmlhttp != null) {
            xmlhttp.open("POST", servPath, true);
            xmlhttp.send(content);
            xmlhttp.onreadystatechange = function() {
                if (xmlhttp.readyState == 4) {
                    if (xmlhttp.status == 200) {
                        window.location.reload(true)
                    }
                }
            }
        }
    }

    captcha.show()

</script>


---chapterReviewUrl: https://vipreader.qidian.com/ajax/chapterReview/reviewList
[2023-03-11T18:15:19.219] [INFO] error - TypeError: Cannot destructure property 'list' of 'response.data.data' as it is undefined. 
 ---bookId: 1027630529 chapterName: [1570] 第一千五百四十九章 【勇敢者之镜】与山铜
---response: <script>
    var seqid = "186D02AE41F1661A505C765448BBAEE830C548FEBDA"
</script>
<script src="https://ssl.captcha.qq.com/TCaptcha.js"></script>
<script>
    var captcha = new TencentCaptcha('2000490482', function(res){
        var captchaResult = []
        captchaResult.push(res.ret)

        if(res.ret === 0){
            captchaResult.push(res.ticket)
            captchaResult.push(res.randstr)
            captchaResult.push(seqid)
        }

        var content = captchaResult.join('\n')
        loadXMLDoc("/WafCaptcha", content)
    })

    function loadXMLDoc(servPath, content) {
        var xmlhttp = null;
        if (window.XMLHttpRequest) {
            xmlhttp = new XMLHttpRequest();
        }
        else if (window.ActiveXObject) {
            xmlhttp = new ActiveXObject("Microsoft.XMLHTTP");
        }

        if (xmlhttp != null) {
            xmlhttp.open("POST", servPath, true);
            xmlhttp.send(content);
            xmlhttp.onreadystatechange = function() {
                if (xmlhttp.readyState == 4) {
                    if (xmlhttp.status == 200) {
                        window.location.reload(true)
                    }
                }
            }
        }
    }

    captcha.show()

</script>


---chapterReviewUrl: https://vipreader.qidian.com/ajax/chapterReview/reviewList
[2023-03-11T18:15:19.226] [INFO] error - TypeError: Cannot destructure property 'list' of 'response.data.data' as it is undefined. 
 ---bookId: 1027630529 chapterName: [1570] 第一千五百四十九章 【勇敢者之镜】与山铜
---response: <script>
    var seqid = "186D02AE41F1661A505C765448BBAEE830C548FEBDA"
</script>
<script src="https://ssl.captcha.qq.com/TCaptcha.js"></script>
<script>
    var captcha = new TencentCaptcha('2000490482', function(res){
        var captchaResult = []
        captchaResult.push(res.ret)

        if(res.ret === 0){
            captchaResult.push(res.ticket)
            captchaResult.push(res.randstr)
            captchaResult.push(seqid)
        }

        var content = captchaResult.join('\n')
        loadXMLDoc("/WafCaptcha", content)
    })

    function loadXMLDoc(servPath, content) {
        var xmlhttp = null;
        if (window.XMLHttpRequest) {
            xmlhttp = new XMLHttpRequest();
        }
        else if (window.ActiveXObject) {
            xmlhttp = new ActiveXObject("Microsoft.XMLHTTP");
        }

        if (xmlhttp != null) {
            xmlhttp.open("POST", servPath, true);
            xmlhttp.send(content);
            xmlhttp.onreadystatechange = function() {
                if (xmlhttp.readyState == 4) {
                    if (xmlhttp.status == 200) {
                        window.location.reload(true)
                    }
                }
            }
        }
    }

    captcha.show()

</script>


---chapterReviewUrl: https://vipreader.qidian.com/ajax/chapterReview/reviewList
[2023-03-11T18:15:19.228] [INFO] error - TypeError: Cannot destructure property 'list' of 'response.data.data' as it is undefined. 
 ---bookId: 1027630529 chapterName: [1570] 第一千五百四十九章 【勇敢者之镜】与山铜
---response: <script>
    var seqid = "186D02AE41F1661A505C765448BBAEE830C548FEBDA"
</script>
<script src="https://ssl.captcha.qq.com/TCaptcha.js"></script>
<script>
    var captcha = new TencentCaptcha('2000490482', function(res){
        var captchaResult = []
        captchaResult.push(res.ret)

        if(res.ret === 0){
            captchaResult.push(res.ticket)
            captchaResult.push(res.randstr)
            captchaResult.push(seqid)
        }

        var content = captchaResult.join('\n')
        loadXMLDoc("/WafCaptcha", content)
    })

    function loadXMLDoc(servPath, content) {
        var xmlhttp = null;
        if (window.XMLHttpRequest) {
            xmlhttp = new XMLHttpRequest();
        }
        else if (window.ActiveXObject) {
            xmlhttp = new ActiveXObject("Microsoft.XMLHTTP");
        }

        if (xmlhttp != null) {
            xmlhttp.open("POST", servPath, true);
            xmlhttp.send(content);
            xmlhttp.onreadystatechange = function() {
                if (xmlhttp.readyState == 4) {
                    if (xmlhttp.status == 200) {
                        window.location.reload(true)
                    }
                }
            }
        }
    }

    captcha.show()

</script>


---chapterReviewUrl: https://vipreader.qidian.com/ajax/chapterReview/reviewList
[2023-03-11T18:15:19.229] [INFO] error - TypeError: Cannot destructure property 'list' of 'response.data.data' as it is undefined. 
 ---bookId: 1027630529 chapterName: [1570] 第一千五百四十九章 【勇敢者之镜】与山铜
---response: <script>
    var seqid = "186D02AE41F1661A505C765448BBAEE830C548FEBDA"
</script>
<script src="https://ssl.captcha.qq.com/TCaptcha.js"></script>
<script>
    var captcha = new TencentCaptcha('2000490482', function(res){
        var captchaResult = []
        captchaResult.push(res.ret)

        if(res.ret === 0){
            captchaResult.push(res.ticket)
            captchaResult.push(res.randstr)
            captchaResult.push(seqid)
        }

        var content = captchaResult.join('\n')
        loadXMLDoc("/WafCaptcha", content)
    })

    function loadXMLDoc(servPath, content) {
        var xmlhttp = null;
        if (window.XMLHttpRequest) {
            xmlhttp = new XMLHttpRequest();
        }
        else if (window.ActiveXObject) {
            xmlhttp = new ActiveXObject("Microsoft.XMLHTTP");
        }

        if (xmlhttp != null) {
            xmlhttp.open("POST", servPath, true);
            xmlhttp.send(content);
            xmlhttp.onreadystatechange = function() {
                if (xmlhttp.readyState == 4) {
                    if (xmlhttp.status == 200) {
                        window.location.reload(true)
                    }
                }
            }
        }
    }

    captcha.show()

</script>


---chapterReviewUrl: https://vipreader.qidian.com/ajax/chapterReview/reviewList
[2023-03-11T18:15:19.658] [INFO] error - TypeError: Cannot destructure property 'list' of 'response.data.data' as it is undefined. 
 ---bookId: 1027630529 chapterName: [1570] 第一千五百四十九章 【勇敢者之镜】与山铜
---response: <script>
    var seqid = "186D02AE41F1661A505C765448BBAEE830C548FEBDA"
</script>
<script src="https://ssl.captcha.qq.com/TCaptcha.js"></script>
<script>
    var captcha = new TencentCaptcha('2000490482', function(res){
        var captchaResult = []
        captchaResult.push(res.ret)

        if(res.ret === 0){
            captchaResult.push(res.ticket)
            captchaResult.push(res.randstr)
            captchaResult.push(seqid)
        }

        var content = captchaResult.join('\n')
        loadXMLDoc("/WafCaptcha", content)
    })

    function loadXMLDoc(servPath, content) {
        var xmlhttp = null;
        if (window.XMLHttpRequest) {
            xmlhttp = new XMLHttpRequest();
        }
        else if (window.ActiveXObject) {
            xmlhttp = new ActiveXObject("Microsoft.XMLHTTP");
        }

        if (xmlhttp != null) {
            xmlhttp.open("POST", servPath, true);
            xmlhttp.send(content);
            xmlhttp.onreadystatechange = function() {
                if (xmlhttp.readyState == 4) {
                    if (xmlhttp.status == 200) {
                        window.location.reload(true)
                    }
                }
            }
        }
    }

    captcha.show()

</script>


---chapterReviewUrl: https://vipreader.qidian.com/ajax/chapterReview/reviewList
[2023-03-11T18:15:22.364] [INFO] error - TypeError: Cannot destructure property 'list' of 'response.data.data' as it is undefined. 
 ---bookId: 1028755947 chapterName: [276] 第二百六十四章：田丰：这个曹操太热情了（诈尸）
---response: <script>
    var seqid = "186D02AE41F1661A505C765448BBAEE830C548FEBDA"
</script>
<script src="https://ssl.captcha.qq.com/TCaptcha.js"></script>
<script>
    var captcha = new TencentCaptcha('2000490482', function(res){
        var captchaResult = []
        captchaResult.push(res.ret)

        if(res.ret === 0){
            captchaResult.push(res.ticket)
            captchaResult.push(res.randstr)
            captchaResult.push(seqid)
        }

        var content = captchaResult.join('\n')
        loadXMLDoc("/WafCaptcha", content)
    })

    function loadXMLDoc(servPath, content) {
        var xmlhttp = null;
        if (window.XMLHttpRequest) {
            xmlhttp = new XMLHttpRequest();
        }
        else if (window.ActiveXObject) {
            xmlhttp = new ActiveXObject("Microsoft.XMLHTTP");
        }

        if (xmlhttp != null) {
            xmlhttp.open("POST", servPath, true);
            xmlhttp.send(content);
            xmlhttp.onreadystatechange = function() {
                if (xmlhttp.readyState == 4) {
                    if (xmlhttp.status == 200) {
                        window.location.reload(true)
                    }
                }
            }
        }
    }

    captcha.show()

</script>


---chapterReviewUrl: https://vipreader.qidian.com/ajax/chapterReview/reviewList
[2023-03-11T18:15:22.366] [INFO] error - TypeError: Cannot destructure property 'list' of 'response.data.data' as it is undefined. 
 ---bookId: 1028755947 chapterName: [276] 第二百六十四章：田丰：这个曹操太热情了（诈尸）
---response: <script>
    var seqid = "186D02AE41F1661A505C765448BBAEE830C548FEBDA"
</script>
<script src="https://ssl.captcha.qq.com/TCaptcha.js"></script>
<script>
    var captcha = new TencentCaptcha('2000490482', function(res){
        var captchaResult = []
        captchaResult.push(res.ret)

        if(res.ret === 0){
            captchaResult.push(res.ticket)
            captchaResult.push(res.randstr)
            captchaResult.push(seqid)
        }

        var content = captchaResult.join('\n')
        loadXMLDoc("/WafCaptcha", content)
    })

    function loadXMLDoc(servPath, content) {
        var xmlhttp = null;
        if (window.XMLHttpRequest) {
            xmlhttp = new XMLHttpRequest();
        }
        else if (window.ActiveXObject) {
            xmlhttp = new ActiveXObject("Microsoft.XMLHTTP");
        }

        if (xmlhttp != null) {
            xmlhttp.open("POST", servPath, true);
            xmlhttp.send(content);
            xmlhttp.onreadystatechange = function() {
                if (xmlhttp.readyState == 4) {
                    if (xmlhttp.status == 200) {
                        window.location.reload(true)
                    }
                }
            }
        }
    }

    captcha.show()

</script>


---chapterReviewUrl: https://vipreader.qidian.com/ajax/chapterReview/reviewList
[2023-03-11T18:15:22.372] [INFO] error - TypeError: Cannot destructure property 'list' of 'response.data.data' as it is undefined. 
 ---bookId: 1028755947 chapterName: [276] 第二百六十四章：田丰：这个曹操太热情了（诈尸）
---response: <script>
    var seqid = "186D02AE41F1661A505C765448BBAEE830C548FEBDA"
</script>
<script src="https://ssl.captcha.qq.com/TCaptcha.js"></script>
<script>
    var captcha = new TencentCaptcha('2000490482', function(res){
        var captchaResult = []
        captchaResult.push(res.ret)

        if(res.ret === 0){
            captchaResult.push(res.ticket)
            captchaResult.push(res.randstr)
            captchaResult.push(seqid)
        }

        var content = captchaResult.join('\n')
        loadXMLDoc("/WafCaptcha", content)
    })

    function loadXMLDoc(servPath, content) {
        var xmlhttp = null;
        if (window.XMLHttpRequest) {
            xmlhttp = new XMLHttpRequest();
        }
        else if (window.ActiveXObject) {
            xmlhttp = new ActiveXObject("Microsoft.XMLHTTP");
        }

        if (xmlhttp != null) {
            xmlhttp.open("POST", servPath, true);
            xmlhttp.send(content);
            xmlhttp.onreadystatechange = function() {
                if (xmlhttp.readyState == 4) {
                    if (xmlhttp.status == 200) {
                        window.location.reload(true)
                    }
                }
            }
        }
    }

    captcha.show()

</script>


---chapterReviewUrl: https://vipreader.qidian.com/ajax/chapterReview/reviewList
[2023-03-11T18:15:23.461] [INFO] error - TypeError: Cannot destructure property 'list' of 'response.data.data' as it is undefined. 
 ---bookId: 1028755947 chapterName: [277] 第二百六十五章：田丰：我与曹操煮酒论英雄
---response: <script>
    var seqid = "186D02AE41F1661A505C765448BBAEE830C548FEBDA"
</script>
<script src="https://ssl.captcha.qq.com/TCaptcha.js"></script>
<script>
    var captcha = new TencentCaptcha('2000490482', function(res){
        var captchaResult = []
        captchaResult.push(res.ret)

        if(res.ret === 0){
            captchaResult.push(res.ticket)
            captchaResult.push(res.randstr)
            captchaResult.push(seqid)
        }

        var content = captchaResult.join('\n')
        loadXMLDoc("/WafCaptcha", content)
    })

    function loadXMLDoc(servPath, content) {
        var xmlhttp = null;
        if (window.XMLHttpRequest) {
            xmlhttp = new XMLHttpRequest();
        }
        else if (window.ActiveXObject) {
            xmlhttp = new ActiveXObject("Microsoft.XMLHTTP");
        }

        if (xmlhttp != null) {
            xmlhttp.open("POST", servPath, true);
            xmlhttp.send(content);
            xmlhttp.onreadystatechange = function() {
                if (xmlhttp.readyState == 4) {
                    if (xmlhttp.status == 200) {
                        window.location.reload(true)
                    }
                }
            }
        }
    }

    captcha.show()

</script>


---chapterReviewUrl: https://vipreader.qidian.com/ajax/chapterReview/reviewList
[2023-03-11T18:15:23.477] [INFO] error - TypeError: Cannot destructure property 'list' of 'response.data.data' as it is undefined. 
 ---bookId: 1028755947 chapterName: [277] 第二百六十五章：田丰：我与曹操煮酒论英雄
---response: <script>
    var seqid = "186D02AE41F1661A505C765448BBAEE830C548FEBDA"
</script>
<script src="https://ssl.captcha.qq.com/TCaptcha.js"></script>
<script>
    var captcha = new TencentCaptcha('2000490482', function(res){
        var captchaResult = []
        captchaResult.push(res.ret)

        if(res.ret === 0){
            captchaResult.push(res.ticket)
            captchaResult.push(res.randstr)
            captchaResult.push(seqid)
        }

        var content = captchaResult.join('\n')
        loadXMLDoc("/WafCaptcha", content)
    })

    function loadXMLDoc(servPath, content) {
        var xmlhttp = null;
        if (window.XMLHttpRequest) {
            xmlhttp = new XMLHttpRequest();
        }
        else if (window.ActiveXObject) {
            xmlhttp = new ActiveXObject("Microsoft.XMLHTTP");
        }

        if (xmlhttp != null) {
            xmlhttp.open("POST", servPath, true);
            xmlhttp.send(content);
            xmlhttp.onreadystatechange = function() {
                if (xmlhttp.readyState == 4) {
                    if (xmlhttp.status == 200) {
                        window.location.reload(true)
                    }
                }
            }
        }
    }

    captcha.show()

</script>


---chapterReviewUrl: https://vipreader.qidian.com/ajax/chapterReview/reviewList
[2023-03-11T18:15:23.484] [INFO] error - TypeError: Cannot destructure property 'list' of 'response.data.data' as it is undefined. 
 ---bookId: 1028755947 chapterName: [277] 第二百六十五章：田丰：我与曹操煮酒论英雄
---response: <script>
    var seqid = "186D02AE41F1661A505C765448BBAEE830C548FEBDA"
</script>
<script src="https://ssl.captcha.qq.com/TCaptcha.js"></script>
<script>
    var captcha = new TencentCaptcha('2000490482', function(res){
        var captchaResult = []
        captchaResult.push(res.ret)

        if(res.ret === 0){
            captchaResult.push(res.ticket)
            captchaResult.push(res.randstr)
            captchaResult.push(seqid)
        }

        var content = captchaResult.join('\n')
        loadXMLDoc("/WafCaptcha", content)
    })

    function loadXMLDoc(servPath, content) {
        var xmlhttp = null;
        if (window.XMLHttpRequest) {
            xmlhttp = new XMLHttpRequest();
        }
        else if (window.ActiveXObject) {
            xmlhttp = new ActiveXObject("Microsoft.XMLHTTP");
        }

        if (xmlhttp != null) {
            xmlhttp.open("POST", servPath, true);
            xmlhttp.send(content);
            xmlhttp.onreadystatechange = function() {
                if (xmlhttp.readyState == 4) {
                    if (xmlhttp.status == 200) {
                        window.location.reload(true)
                    }
                }
            }
        }
    }

    captcha.show()

</script>


---chapterReviewUrl: https://vipreader.qidian.com/ajax/chapterReview/reviewList
[2023-03-11T18:15:23.498] [INFO] error - TypeError: Cannot destructure property 'list' of 'response.data.data' as it is undefined. 
 ---bookId: 1028755947 chapterName: [277] 第二百六十五章：田丰：我与曹操煮酒论英雄
---response: <script>
    var seqid = "186D02AE41F1661A505C765448BBAEE830C548FEBDA"
</script>
<script src="https://ssl.captcha.qq.com/TCaptcha.js"></script>
<script>
    var captcha = new TencentCaptcha('2000490482', function(res){
        var captchaResult = []
        captchaResult.push(res.ret)

        if(res.ret === 0){
            captchaResult.push(res.ticket)
            captchaResult.push(res.randstr)
            captchaResult.push(seqid)
        }

        var content = captchaResult.join('\n')
        loadXMLDoc("/WafCaptcha", content)
    })

    function loadXMLDoc(servPath, content) {
        var xmlhttp = null;
        if (window.XMLHttpRequest) {
            xmlhttp = new XMLHttpRequest();
        }
        else if (window.ActiveXObject) {
            xmlhttp = new ActiveXObject("Microsoft.XMLHTTP");
        }

        if (xmlhttp != null) {
            xmlhttp.open("POST", servPath, true);
            xmlhttp.send(content);
            xmlhttp.onreadystatechange = function() {
                if (xmlhttp.readyState == 4) {
                    if (xmlhttp.status == 200) {
                        window.location.reload(true)
                    }
                }
            }
        }
    }

    captcha.show()

</script>


---chapterReviewUrl: https://vipreader.qidian.com/ajax/chapterReview/reviewList
[2023-03-11T18:15:24.648] [INFO] error - TypeError: Cannot destructure property 'list' of 'response.data.data' as it is undefined. 
 ---bookId: 1028755947 chapterName: [278] 第二百六十六章：田丰：想不想征服欧洲或者非洲
---response: <script>
    var seqid = "186D02AE41F1661A505C765448BBAEE830C548FEBDA"
</script>
<script src="https://ssl.captcha.qq.com/TCaptcha.js"></script>
<script>
    var captcha = new TencentCaptcha('2000490482', function(res){
        var captchaResult = []
        captchaResult.push(res.ret)

        if(res.ret === 0){
            captchaResult.push(res.ticket)
            captchaResult.push(res.randstr)
            captchaResult.push(seqid)
        }

        var content = captchaResult.join('\n')
        loadXMLDoc("/WafCaptcha", content)
    })

    function loadXMLDoc(servPath, content) {
        var xmlhttp = null;
        if (window.XMLHttpRequest) {
            xmlhttp = new XMLHttpRequest();
        }
        else if (window.ActiveXObject) {
            xmlhttp = new ActiveXObject("Microsoft.XMLHTTP");
        }

        if (xmlhttp != null) {
            xmlhttp.open("POST", servPath, true);
            xmlhttp.send(content);
            xmlhttp.onreadystatechange = function() {
                if (xmlhttp.readyState == 4) {
                    if (xmlhttp.status == 200) {
                        window.location.reload(true)
                    }
                }
            }
        }
    }

    captcha.show()

</script>


---chapterReviewUrl: https://vipreader.qidian.com/ajax/chapterReview/reviewList
[2023-03-11T18:15:27.615] [INFO] error - TypeError: Cannot destructure property 'list' of 'response.data.data' as it is undefined. 
 ---bookId: 1025901449 chapterName: [1036] 第999章 没有你的世界
---response: <script>
    var seqid = "186D02AE41F1661A505C765448BBAEE830C548FEBDA"
</script>
<script src="https://ssl.captcha.qq.com/TCaptcha.js"></script>
<script>
    var captcha = new TencentCaptcha('2000490482', function(res){
        var captchaResult = []
        captchaResult.push(res.ret)

        if(res.ret === 0){
            captchaResult.push(res.ticket)
            captchaResult.push(res.randstr)
            captchaResult.push(seqid)
        }

        var content = captchaResult.join('\n')
        loadXMLDoc("/WafCaptcha", content)
    })

    function loadXMLDoc(servPath, content) {
        var xmlhttp = null;
        if (window.XMLHttpRequest) {
            xmlhttp = new XMLHttpRequest();
        }
        else if (window.ActiveXObject) {
            xmlhttp = new ActiveXObject("Microsoft.XMLHTTP");
        }

        if (xmlhttp != null) {
            xmlhttp.open("POST", servPath, true);
            xmlhttp.send(content);
            xmlhttp.onreadystatechange = function() {
                if (xmlhttp.readyState == 4) {
                    if (xmlhttp.status == 200) {
                        window.location.reload(true)
                    }
                }
            }
        }
    }

    captcha.show()

</script>


---chapterReviewUrl: https://vipreader.qidian.com/ajax/chapterReview/reviewList
[2023-03-11T18:15:27.627] [INFO] error - TypeError: Cannot destructure property 'list' of 'response.data.data' as it is undefined. 
 ---bookId: 1025901449 chapterName: [1036] 第999章 没有你的世界
---response: <script>
    var seqid = "186D02AE41F1661A505C765448BBAEE830C548FEBDA"
</script>
<script src="https://ssl.captcha.qq.com/TCaptcha.js"></script>
<script>
    var captcha = new TencentCaptcha('2000490482', function(res){
        var captchaResult = []
        captchaResult.push(res.ret)

        if(res.ret === 0){
            captchaResult.push(res.ticket)
            captchaResult.push(res.randstr)
            captchaResult.push(seqid)
        }

        var content = captchaResult.join('\n')
        loadXMLDoc("/WafCaptcha", content)
    })

    function loadXMLDoc(servPath, content) {
        var xmlhttp = null;
        if (window.XMLHttpRequest) {
            xmlhttp = new XMLHttpRequest();
        }
        else if (window.ActiveXObject) {
            xmlhttp = new ActiveXObject("Microsoft.XMLHTTP");
        }

        if (xmlhttp != null) {
            xmlhttp.open("POST", servPath, true);
            xmlhttp.send(content);
            xmlhttp.onreadystatechange = function() {
                if (xmlhttp.readyState == 4) {
                    if (xmlhttp.status == 200) {
                        window.location.reload(true)
                    }
                }
            }
        }
    }

    captcha.show()

</script>


---chapterReviewUrl: https://vipreader.qidian.com/ajax/chapterReview/reviewList
[2023-03-11T18:15:27.629] [INFO] error - TypeError: Cannot destructure property 'list' of 'response.data.data' as it is undefined. 
 ---bookId: 1025901449 chapterName: [1036] 第999章 没有你的世界
---response: <script>
    var seqid = "186D02AE41F1661A505C765448BBAEE830C548FEBDA"
</script>
<script src="https://ssl.captcha.qq.com/TCaptcha.js"></script>
<script>
    var captcha = new TencentCaptcha('2000490482', function(res){
        var captchaResult = []
        captchaResult.push(res.ret)

        if(res.ret === 0){
            captchaResult.push(res.ticket)
            captchaResult.push(res.randstr)
            captchaResult.push(seqid)
        }

        var content = captchaResult.join('\n')
        loadXMLDoc("/WafCaptcha", content)
    })

    function loadXMLDoc(servPath, content) {
        var xmlhttp = null;
        if (window.XMLHttpRequest) {
            xmlhttp = new XMLHttpRequest();
        }
        else if (window.ActiveXObject) {
            xmlhttp = new ActiveXObject("Microsoft.XMLHTTP");
        }

        if (xmlhttp != null) {
            xmlhttp.open("POST", servPath, true);
            xmlhttp.send(content);
            xmlhttp.onreadystatechange = function() {
                if (xmlhttp.readyState == 4) {
                    if (xmlhttp.status == 200) {
                        window.location.reload(true)
                    }
                }
            }
        }
    }

    captcha.show()

</script>


---chapterReviewUrl: https://vipreader.qidian.com/ajax/chapterReview/reviewList
[2023-03-11T18:15:27.635] [INFO] error - TypeError: Cannot destructure property 'list' of 'response.data.data' as it is undefined. 
 ---bookId: 1025901449 chapterName: [1036] 第999章 没有你的世界
---response: <script>
    var seqid = "186D02B0C38F3CD981F1A45478298BA7DF391632B5A"
</script>
<script src="https://ssl.captcha.qq.com/TCaptcha.js"></script>
<script>
    var captcha = new TencentCaptcha('2000490482', function(res){
        var captchaResult = []
        captchaResult.push(res.ret)

        if(res.ret === 0){
            captchaResult.push(res.ticket)
            captchaResult.push(res.randstr)
            captchaResult.push(seqid)
        }

        var content = captchaResult.join('\n')
        loadXMLDoc("/WafCaptcha", content)
    })

    function loadXMLDoc(servPath, content) {
        var xmlhttp = null;
        if (window.XMLHttpRequest) {
            xmlhttp = new XMLHttpRequest();
        }
        else if (window.ActiveXObject) {
            xmlhttp = new ActiveXObject("Microsoft.XMLHTTP");
        }

        if (xmlhttp != null) {
            xmlhttp.open("POST", servPath, true);
            xmlhttp.send(content);
            xmlhttp.onreadystatechange = function() {
                if (xmlhttp.readyState == 4) {
                    if (xmlhttp.status == 200) {
                        window.location.reload(true)
                    }
                }
            }
        }
    }

    captcha.show()

</script>


---chapterReviewUrl: https://vipreader.qidian.com/ajax/chapterReview/reviewList
[2023-03-11T18:15:27.640] [INFO] error - TypeError: Cannot destructure property 'list' of 'response.data.data' as it is undefined. 
 ---bookId: 1025901449 chapterName: [1036] 第999章 没有你的世界
---response: <script>
    var seqid = "186D02B0C38F3CD981F1A45478298BA7DF391632B5A"
</script>
<script src="https://ssl.captcha.qq.com/TCaptcha.js"></script>
<script>
    var captcha = new TencentCaptcha('2000490482', function(res){
        var captchaResult = []
        captchaResult.push(res.ret)

        if(res.ret === 0){
            captchaResult.push(res.ticket)
            captchaResult.push(res.randstr)
            captchaResult.push(seqid)
        }

        var content = captchaResult.join('\n')
        loadXMLDoc("/WafCaptcha", content)
    })

    function loadXMLDoc(servPath, content) {
        var xmlhttp = null;
        if (window.XMLHttpRequest) {
            xmlhttp = new XMLHttpRequest();
        }
        else if (window.ActiveXObject) {
            xmlhttp = new ActiveXObject("Microsoft.XMLHTTP");
        }

        if (xmlhttp != null) {
            xmlhttp.open("POST", servPath, true);
            xmlhttp.send(content);
            xmlhttp.onreadystatechange = function() {
                if (xmlhttp.readyState == 4) {
                    if (xmlhttp.status == 200) {
                        window.location.reload(true)
                    }
                }
            }
        }
    }

    captcha.show()

</script>


---chapterReviewUrl: https://vipreader.qidian.com/ajax/chapterReview/reviewList
[2023-03-11T18:15:27.643] [INFO] error - TypeError: Cannot destructure property 'list' of 'response.data.data' as it is undefined. 
 ---bookId: 1025901449 chapterName: [1036] 第999章 没有你的世界
---response: <script>
    var seqid = "186D02AE41F1661A505C765448BBAEE830C548FEBDA"
</script>
<script src="https://ssl.captcha.qq.com/TCaptcha.js"></script>
<script>
    var captcha = new TencentCaptcha('2000490482', function(res){
        var captchaResult = []
        captchaResult.push(res.ret)

        if(res.ret === 0){
            captchaResult.push(res.ticket)
            captchaResult.push(res.randstr)
            captchaResult.push(seqid)
        }

        var content = captchaResult.join('\n')
        loadXMLDoc("/WafCaptcha", content)
    })

    function loadXMLDoc(servPath, content) {
        var xmlhttp = null;
        if (window.XMLHttpRequest) {
            xmlhttp = new XMLHttpRequest();
        }
        else if (window.ActiveXObject) {
            xmlhttp = new ActiveXObject("Microsoft.XMLHTTP");
        }

        if (xmlhttp != null) {
            xmlhttp.open("POST", servPath, true);
            xmlhttp.send(content);
            xmlhttp.onreadystatechange = function() {
                if (xmlhttp.readyState == 4) {
                    if (xmlhttp.status == 200) {
                        window.location.reload(true)
                    }
                }
            }
        }
    }

    captcha.show()

</script>


---chapterReviewUrl: https://vipreader.qidian.com/ajax/chapterReview/reviewList
[2023-03-11T18:15:27.643] [INFO] error - TypeError: Cannot destructure property 'list' of 'response.data.data' as it is undefined. 
 ---bookId: 1025901449 chapterName: [1036] 第999章 没有你的世界
---response: <script>
    var seqid = "186D02AE41F1661A505C765448BBAEE830C548FEBDA"
</script>
<script src="https://ssl.captcha.qq.com/TCaptcha.js"></script>
<script>
    var captcha = new TencentCaptcha('2000490482', function(res){
        var captchaResult = []
        captchaResult.push(res.ret)

        if(res.ret === 0){
            captchaResult.push(res.ticket)
            captchaResult.push(res.randstr)
            captchaResult.push(seqid)
        }

        var content = captchaResult.join('\n')
        loadXMLDoc("/WafCaptcha", content)
    })

    function loadXMLDoc(servPath, content) {
        var xmlhttp = null;
        if (window.XMLHttpRequest) {
            xmlhttp = new XMLHttpRequest();
        }
        else if (window.ActiveXObject) {
            xmlhttp = new ActiveXObject("Microsoft.XMLHTTP");
        }

        if (xmlhttp != null) {
            xmlhttp.open("POST", servPath, true);
            xmlhttp.send(content);
            xmlhttp.onreadystatechange = function() {
                if (xmlhttp.readyState == 4) {
                    if (xmlhttp.status == 200) {
                        window.location.reload(true)
                    }
                }
            }
        }
    }

    captcha.show()

</script>


---chapterReviewUrl: https://vipreader.qidian.com/ajax/chapterReview/reviewList
[2023-03-11T18:15:27.644] [INFO] error - TypeError: Cannot destructure property 'list' of 'response.data.data' as it is undefined. 
 ---bookId: 1025901449 chapterName: [1036] 第999章 没有你的世界
---response: <script>
    var seqid = "186D02B0C38F3CD981F1A45478298BA7DF391632B5A"
</script>
<script src="https://ssl.captcha.qq.com/TCaptcha.js"></script>
<script>
    var captcha = new TencentCaptcha('2000490482', function(res){
        var captchaResult = []
        captchaResult.push(res.ret)

        if(res.ret === 0){
            captchaResult.push(res.ticket)
            captchaResult.push(res.randstr)
            captchaResult.push(seqid)
        }

        var content = captchaResult.join('\n')
        loadXMLDoc("/WafCaptcha", content)
    })

    function loadXMLDoc(servPath, content) {
        var xmlhttp = null;
        if (window.XMLHttpRequest) {
            xmlhttp = new XMLHttpRequest();
        }
        else if (window.ActiveXObject) {
            xmlhttp = new ActiveXObject("Microsoft.XMLHTTP");
        }

        if (xmlhttp != null) {
            xmlhttp.open("POST", servPath, true);
            xmlhttp.send(content);
            xmlhttp.onreadystatechange = function() {
                if (xmlhttp.readyState == 4) {
                    if (xmlhttp.status == 200) {
                        window.location.reload(true)
                    }
                }
            }
        }
    }

    captcha.show()

</script>


---chapterReviewUrl: https://vipreader.qidian.com/ajax/chapterReview/reviewList
[2023-03-11T18:15:27.644] [INFO] error - TypeError: Cannot destructure property 'list' of 'response.data.data' as it is undefined. 
 ---bookId: 1025901449 chapterName: [1036] 第999章 没有你的世界
---response: <script>
    var seqid = "186D02AE41F1661A505C765448BBAEE830C548FEBDA"
</script>
<script src="https://ssl.captcha.qq.com/TCaptcha.js"></script>
<script>
    var captcha = new TencentCaptcha('2000490482', function(res){
        var captchaResult = []
        captchaResult.push(res.ret)

        if(res.ret === 0){
            captchaResult.push(res.ticket)
            captchaResult.push(res.randstr)
            captchaResult.push(seqid)
        }

        var content = captchaResult.join('\n')
        loadXMLDoc("/WafCaptcha", content)
    })

    function loadXMLDoc(servPath, content) {
        var xmlhttp = null;
        if (window.XMLHttpRequest) {
            xmlhttp = new XMLHttpRequest();
        }
        else if (window.ActiveXObject) {
            xmlhttp = new ActiveXObject("Microsoft.XMLHTTP");
        }

        if (xmlhttp != null) {
            xmlhttp.open("POST", servPath, true);
            xmlhttp.send(content);
            xmlhttp.onreadystatechange = function() {
                if (xmlhttp.readyState == 4) {
                    if (xmlhttp.status == 200) {
                        window.location.reload(true)
                    }
                }
            }
        }
    }

    captcha.show()

</script>


---chapterReviewUrl: https://vipreader.qidian.com/ajax/chapterReview/reviewList
[2023-03-11T18:15:27.645] [INFO] error - TypeError: Cannot destructure property 'list' of 'response.data.data' as it is undefined. 
 ---bookId: 1025901449 chapterName: [1036] 第999章 没有你的世界
---response: <script>
    var seqid = "186D02AE41F1661A505C765448BBAEE830C548FEBDA"
</script>
<script src="https://ssl.captcha.qq.com/TCaptcha.js"></script>
<script>
    var captcha = new TencentCaptcha('2000490482', function(res){
        var captchaResult = []
        captchaResult.push(res.ret)

        if(res.ret === 0){
            captchaResult.push(res.ticket)
            captchaResult.push(res.randstr)
            captchaResult.push(seqid)
        }

        var content = captchaResult.join('\n')
        loadXMLDoc("/WafCaptcha", content)
    })

    function loadXMLDoc(servPath, content) {
        var xmlhttp = null;
        if (window.XMLHttpRequest) {
            xmlhttp = new XMLHttpRequest();
        }
        else if (window.ActiveXObject) {
            xmlhttp = new ActiveXObject("Microsoft.XMLHTTP");
        }

        if (xmlhttp != null) {
            xmlhttp.open("POST", servPath, true);
            xmlhttp.send(content);
            xmlhttp.onreadystatechange = function() {
                if (xmlhttp.readyState == 4) {
                    if (xmlhttp.status == 200) {
                        window.location.reload(true)
                    }
                }
            }
        }
    }

    captcha.show()

</script>


---chapterReviewUrl: https://vipreader.qidian.com/ajax/chapterReview/reviewList
[2023-03-11T18:15:27.647] [INFO] error - TypeError: Cannot destructure property 'list' of 'response.data.data' as it is undefined. 
 ---bookId: 1025901449 chapterName: [1036] 第999章 没有你的世界
---response: <script>
    var seqid = "186D02B0C38F3CD981F1A45478298BA7DF391632B5A"
</script>
<script src="https://ssl.captcha.qq.com/TCaptcha.js"></script>
<script>
    var captcha = new TencentCaptcha('2000490482', function(res){
        var captchaResult = []
        captchaResult.push(res.ret)

        if(res.ret === 0){
            captchaResult.push(res.ticket)
            captchaResult.push(res.randstr)
            captchaResult.push(seqid)
        }

        var content = captchaResult.join('\n')
        loadXMLDoc("/WafCaptcha", content)
    })

    function loadXMLDoc(servPath, content) {
        var xmlhttp = null;
        if (window.XMLHttpRequest) {
            xmlhttp = new XMLHttpRequest();
        }
        else if (window.ActiveXObject) {
            xmlhttp = new ActiveXObject("Microsoft.XMLHTTP");
        }

        if (xmlhttp != null) {
            xmlhttp.open("POST", servPath, true);
            xmlhttp.send(content);
            xmlhttp.onreadystatechange = function() {
                if (xmlhttp.readyState == 4) {
                    if (xmlhttp.status == 200) {
                        window.location.reload(true)
                    }
                }
            }
        }
    }

    captcha.show()

</script>


---chapterReviewUrl: https://vipreader.qidian.com/ajax/chapterReview/reviewList
[2023-03-11T18:15:28.586] [INFO] error - Request https://vipreader.qidian.com/ajax/chapterReview/reviewList?bookId=1025901449&page=1&type=2&chapterId=745654115&_csrfToken=JFLQrtKzBCbo8Gmd3EJwnlPDHWP8P3NmegskrIGS&pageSize=6&segmentId=89 fail, retry attempt #1: RequestError: read ECONNRESET
[2023-03-11T18:15:28.671] [INFO] error - Request https://vipreader.qidian.com/ajax/chapterReview/reviewList?bookId=1025901449&page=1&type=2&chapterId=745654115&_csrfToken=JFLQrtKzBCbo8Gmd3EJwnlPDHWP8P3NmegskrIGS&pageSize=1&segmentId=102 fail, retry attempt #1: RequestError: read ECONNRESET
[2023-03-11T18:15:31.166] [INFO] error - Request https://vipreader.qidian.com/ajax/chapterReview/reviewList?bookId=1025901449&page=1&type=2&chapterId=745751679&_csrfToken=JFLQrtKzBCbo8Gmd3EJwnlPDHWP8P3NmegskrIGS&pageSize=9&segmentId=53 fail, retry attempt #1: RequestError: read ECONNRESET
[2023-03-11T18:15:42.811] [ERROR] error - ---bookid: /home/runner/work/qidian-chapterReview/qidian-chapterReview/output/1016150754TypeError: Cannot read property '1' of null
[2023-03-11T18:15:45.119] [ERROR] error - ---bookid: /home/runner/work/qidian-chapterReview/qidian-chapterReview/output/1027669580TypeError: Cannot read property '1' of null
[2023-07-23T00:20:44.194] [INFO] error - TypeError: Cannot read property 'list' of undefined 
 ---bookId: 1013293257 chapterName: [1625] 第1311章 煎蛋（全书完）
---response: {"code":10004,"msg":"\u6279\u91cf\u8f6c\u6362\u7edf\u4e00\u7528\u6237id\u5931\u8d25(10004)"}

[2023-07-23T00:21:02.412] [INFO] error - TypeError: Cannot read property 'list' of undefined 
 ---bookId: 1026694115 chapterName: [2108] 大结局：今开道路证至位，诸天来朝拜冕旒！（求订阅！！！）
---response: {"code":10004,"msg":"\u6279\u91cf\u8f6c\u6362\u7edf\u4e00\u7528\u6237id\u5931\u8d25(10004)"}

[2023-07-23T00:21:03.226] [INFO] error - TypeError: Cannot read property 'list' of undefined 
 ---bookId: 1026694115 chapterName: [2108] 大结局：今开道路证至位，诸天来朝拜冕旒！（求订阅！！！）
---response: {"code":10004,"msg":"\u6279\u91cf\u8f6c\u6362\u7edf\u4e00\u7528\u6237id\u5931\u8d25(10004)"}

[2023-07-23T00:21:21.460] [INFO] error - TypeError: Cannot read property 'list' of undefined 
 ---bookId: 1025901449 chapterName: [1037] 第1000章 欢迎来到完美人生（终章）
---response: {"code":10004,"msg":"\u6279\u91cf\u8f6c\u6362\u7edf\u4e00\u7528\u6237id\u5931\u8d25(10004)"}

[2023-07-23T00:21:21.481] [INFO] error - TypeError: Cannot read property 'list' of undefined 
 ---bookId: 1025901449 chapterName: [1037] 第1000章 欢迎来到完美人生（终章）
---response: {"code":10004,"msg":"\u6279\u91cf\u8f6c\u6362\u7edf\u4e00\u7528\u6237id\u5931\u8d25(10004)"}

[2023-07-23T00:21:21.485] [INFO] error - TypeError: Cannot read property 'list' of undefined 
 ---bookId: 1025901449 chapterName: [1037] 第1000章 欢迎来到完美人生（终章）
---response: {"code":10004,"msg":"\u6279\u91cf\u8f6c\u6362\u7edf\u4e00\u7528\u6237id\u5931\u8d25(10004)"}

[2023-07-23T00:21:22.908] [INFO] error - TypeError: Cannot read property 'list' of undefined 
 ---bookId: 1025901449 chapterName: [1038] 番外 预告
---response: {"code":10004,"msg":"\u6279\u91cf\u8f6c\u6362\u7edf\u4e00\u7528\u6237id\u5931\u8d25(10004)"}

[2023-07-23T00:21:23.067] [INFO] error - TypeError: Cannot read property 'list' of undefined 
 ---bookId: 1025901449 chapterName: [1038] 番外 预告
---response: {"code":10004,"msg":"\u6279\u91cf\u8f6c\u6362\u7edf\u4e00\u7528\u6237id\u5931\u8d25(10004)"}

[2023-07-23T00:21:23.203] [INFO] error - TypeError: Cannot read property 'list' of undefined 
 ---bookId: 1025901449 chapterName: [1038] 番外 预告
---response: {"code":10004,"msg":"\u6279\u91cf\u8f6c\u6362\u7edf\u4e00\u7528\u6237id\u5931\u8d25(10004)"}

[2023-07-23T00:21:24.204] [INFO] error - TypeError: Cannot read property 'list' of undefined 
 ---bookId: 1025901449 chapterName: [1039] 番外 终究要长大的小孩
---response: {"code":10004,"msg":"\u6279\u91cf\u8f6c\u6362\u7edf\u4e00\u7528\u6237id\u5931\u8d25(10004)"}

[2023-07-23T00:21:24.379] [INFO] error - TypeError: Cannot read property 'list' of undefined 
 ---bookId: 1025901449 chapterName: [1039] 番外 终究要长大的小孩
---response: {"code":10004,"msg":"\u6279\u91cf\u8f6c\u6362\u7edf\u4e00\u7528\u6237id\u5931\u8d25(10004)"}

[2023-07-23T00:21:24.700] [INFO] error - TypeError: Cannot read property 'list' of undefined 
 ---bookId: 1025901449 chapterName: [1039] 番外 终究要长大的小孩
---response: {"code":10004,"msg":"\u6279\u91cf\u8f6c\u6362\u7edf\u4e00\u7528\u6237id\u5931\u8d25(10004)"}

[2023-07-23T00:21:35.172] [ERROR] error - ---bookid: /home/runner/work/qidian-chapterReview/qidian-chapterReview/output/1016150754TypeError: Cannot read property '1' of null
[2023-07-23T00:21:37.959] [ERROR] error - ---bookid: /home/runner/work/qidian-chapterReview/qidian-chapterReview/output/1027669580TypeError: Cannot read property '1' of null
[2023-07-23T00:21:38.890] [INFO] error - The folder does not exist: /home/runner/work/qidian-chapterReview/qidian-chapterReview/output/1013009467
